Determining if the pthread_create exist failed with the following output:
Change Dir: /home/cza/cropter/cameraIR/build/CMakeFiles/CMakeTmp

Run Build Command:"/usr/bin/make" "cmTC_c7d23/fast"
/usr/bin/make -f CMakeFiles/cmTC_c7d23.dir/build.make CMakeFiles/cmTC_c7d23.dir/build
make[1]: Entering directory '/home/cza/cropter/cameraIR/build/CMakeFiles/CMakeTmp'
Building C object CMakeFiles/cmTC_c7d23.dir/CheckSymbolExists.c.o
/usr/bin/cc   -fPIC    -o CMakeFiles/cmTC_c7d23.dir/CheckSymbolExists.c.o   -c /home/cza/cropter/cameraIR/build/CMakeFiles/CMakeTmp/CheckSymbolExists.c
Linking C executable cmTC_c7d23
/usr/bin/cmake -E cmake_link_script CMakeFiles/cmTC_c7d23.dir/link.txt --verbose=1
/usr/bin/cc -fPIC     CMakeFiles/cmTC_c7d23.dir/CheckSymbolExists.c.o  -o cmTC_c7d23 
CMakeFiles/cmTC_c7d23.dir/CheckSymbolExists.c.o: In function `main':
CheckSymbolExists.c:(.text+0x14): undefined reference to `pthread_create'
CheckSymbolExists.c:(.text+0x18): undefined reference to `pthread_create'
collect2: error: ld returned 1 exit status
CMakeFiles/cmTC_c7d23.dir/build.make:97: recipe for target 'cmTC_c7d23' failed
make[1]: *** [cmTC_c7d23] Error 1
make[1]: Leaving directory '/home/cza/cropter/cameraIR/build/CMakeFiles/CMakeTmp'
Makefile:126: recipe for target 'cmTC_c7d23/fast' failed
make: *** [cmTC_c7d23/fast] Error 2

File /home/cza/cropter/cameraIR/build/CMakeFiles/CMakeTmp/CheckSymbolExists.c:
/* */
#include <pthread.h>

int main(int argc, char** argv)
{
  (void)argv;
#ifndef pthread_create
  return ((int*)(&pthread_create))[argc];
#else
  (void)argc;
  return 0;
#endif
}

Determining if the function pthread_create exists in the pthreads failed with the following output:
Change Dir: /home/cza/cropter/cameraIR/build/CMakeFiles/CMakeTmp

Run Build Command:"/usr/bin/make" "cmTC_15283/fast"
/usr/bin/make -f CMakeFiles/cmTC_15283.dir/build.make CMakeFiles/cmTC_15283.dir/build
make[1]: Entering directory '/home/cza/cropter/cameraIR/build/CMakeFiles/CMakeTmp'
Building C object CMakeFiles/cmTC_15283.dir/CheckFunctionExists.c.o
/usr/bin/cc   -fPIC -DCHECK_FUNCTION_EXISTS=pthread_create   -o CMakeFiles/cmTC_15283.dir/CheckFunctionExists.c.o   -c /usr/share/cmake-3.10/Modules/CheckFunctionExists.c
Linking C executable cmTC_15283
/usr/bin/cmake -E cmake_link_script CMakeFiles/cmTC_15283.dir/link.txt --verbose=1
/usr/bin/cc -fPIC -DCHECK_FUNCTION_EXISTS=pthread_create    CMakeFiles/cmTC_15283.dir/CheckFunctionExists.c.o  -o cmTC_15283 -lpthreads 
/usr/bin/ld: cannot find -lpthreads
collect2: error: ld returned 1 exit status
CMakeFiles/cmTC_15283.dir/build.make:97: recipe for target 'cmTC_15283' failed
make[1]: *** [cmTC_15283] Error 1
make[1]: Leaving directory '/home/cza/cropter/cameraIR/build/CMakeFiles/CMakeTmp'
Makefile:126: recipe for target 'cmTC_15283/fast' failed
make: *** [cmTC_15283/fast] Error 2


